\BOOKMARK [1][-]{section*.1}{Inhaltsverzeichnis}{}% 1
\BOOKMARK [0][-]{chapter.1}{Einleitung}{}% 2
\BOOKMARK [1][-]{section.1.1}{Problemstellung\040und\040Motivation}{chapter.1}% 3
\BOOKMARK [1][-]{section.1.2}{Zielsetzung}{chapter.1}% 4
\BOOKMARK [1][-]{section.1.3}{Aufbau\040der\040Arbeit}{chapter.1}% 5
\BOOKMARK [0][-]{chapter.2}{Grundlagen}{}% 6
\BOOKMARK [1][-]{section.2.1}{Datenbankmanagement\040Systeme\040\(DBMS\)}{chapter.2}% 7
\BOOKMARK [1][-]{section.2.2}{Datenbank\040Migration}{chapter.2}% 8
\BOOKMARK [1][-]{section.2.3}{IntelliJ\040Plugin\040Entwicklung}{chapter.2}% 9
\BOOKMARK [2][-]{subsection.2.3.1}{Action-System}{section.2.3}% 10
\BOOKMARK [1][-]{section.2.4}{Verwandte\040Arbeiten}{chapter.2}% 11
\BOOKMARK [1][-]{section.2.5}{GuttenBase}{chapter.2}% 12
\BOOKMARK [0][-]{chapter.3}{Umsetzung}{}% 13
\BOOKMARK [1][-]{section.3.1}{Umsetzungsform}{chapter.3}% 14
\BOOKMARK [1][-]{section.3.2}{Analyse}{chapter.3}% 15
\BOOKMARK [2][-]{subsection.3.2.1}{Allgemeine\040Beschreibung\040der\040Anforderungen}{section.3.2}% 16
\BOOKMARK [2][-]{subsection.3.2.2}{Vereinfachtes\040Datenmodell}{section.3.2}% 17
\BOOKMARK [2][-]{subsection.3.2.3}{detaillierte\040Beschreibung\040der\040Anforderungen}{section.3.2}% 18
\BOOKMARK [3][-]{subsubsection.3.2.3.1}{Konfigurationsschritt\040Unbenennen\040erstellen}{subsection.3.2.3}% 19
\BOOKMARK [3][-]{subsubsection.3.2.3.2}{Konfigurationsschritt Datentyp Ändern erstellen}{subsection.3.2.3}% 20
\BOOKMARK [3][-]{subsubsection.3.2.3.3}{Konfigurationsschritte\040verwalten}{subsection.3.2.3}% 21
\BOOKMARK [3][-]{subsubsection.3.2.3.4}{Datenbank Migration durchführen}{subsection.3.2.3}% 22
\BOOKMARK [1][-]{section.3.3}{Architektur}{chapter.3}% 23
\BOOKMARK [2][-]{subsection.3.3.1}{Konzeptionelle\040Sicht}{section.3.3}% 24
\BOOKMARK [3][-]{subsubsection.3.3.1.1}{GuttenBase\040Plugin}{subsection.3.3.1}% 25
\BOOKMARK [3][-]{subsubsection.3.3.1.2}{IntelliJ\040Plattform}{subsection.3.3.1}% 26
\BOOKMARK [2][-]{subsection.3.3.2}{Modulsicht}{section.3.3}% 27
\BOOKMARK [3][-]{subsubsection.3.3.2.1}{Modulsicht der Übersicht der Konfogurationsschritte}{subsection.3.3.2}% 28
\BOOKMARK [3][-]{subsubsection.3.3.2.2}{Modulsicht der allgemeinen Übersicht}{subsection.3.3.2}% 29
\BOOKMARK [3][-]{subsubsection.3.3.2.3}{Modulsicht der Konfigurationsübersicht}{subsection.3.3.2}% 30
\BOOKMARK [3][-]{subsubsection.3.3.2.4}{Modulsicht der Ergebnisübersicht}{subsection.3.3.2}% 31
\BOOKMARK [2][-]{subsection.3.3.3}{Zusammenhänge zwischen Anwendungsfällen und Architektur}{section.3.3}% 32
\BOOKMARK [1][-]{section.3.4}{Implementierung}{chapter.3}% 33
\BOOKMARK [2][-]{subsection.3.4.1}{verwendete\040Technologien}{section.3.4}% 34
\BOOKMARK [2][-]{subsection.3.4.2}{Features}{section.3.4}% 35
\BOOKMARK [2][-]{subsection.3.4.3}{Benutzeroberfläche}{section.3.4}% 36
\BOOKMARK [0][-]{chapter.4}{Evaluation}{}% 37
\BOOKMARK [1][-]{section.4.1}{Experten\040Interview}{chapter.4}% 38
\BOOKMARK [0][-]{chapter.5}{Fazit\040und\040Ausblick}{}% 39
\BOOKMARK [0][-]{appendix.A}{Anhang}{}% 40
\BOOKMARK [1][-]{section.A.1}{Abbildungsverzeichnis}{appendix.A}% 41
\BOOKMARK [1][-]{section.A.2}{Tabellenverzeichnis}{appendix.A}% 42
\BOOKMARK [1][-]{section.A.3}{Literatur}{appendix.A}% 43
